<?xml version="1.0" encoding="UTF-8"?>
<coverage generated="1555448474568" clover="3.2.0">
  <project timestamp="1555448474568" name="All files">
    <metrics statements="12" coveredstatements="12" conditionals="12" coveredconditionals="12" methods="6" coveredmethods="6" elements="30" coveredelements="30" complexity="0" loc="12" ncloc="12" packages="1" files="1" classes="1"/>
    <file name="null-safety.ts" path="D:\projects\my-packages\null-safety\src\null-safety.ts">
      <metrics statements="12" coveredstatements="12" conditionals="12" coveredconditionals="12" methods="6" coveredmethods="6"/>
      <line num="14" count="6" type="stmt"/>
      <line num="18" count="54" type="stmt"/>
      <line num="24" count="92" type="stmt"/>
      <line num="40" count="22" type="stmt"/>
      <line num="46" count="4" type="stmt"/>
      <line num="49" count="22" type="stmt"/>
      <line num="65" count="16" type="stmt"/>
      <line num="68" count="2" type="stmt"/>
      <line num="71" count="16" type="stmt"/>
      <line num="78" count="44" type="stmt"/>
      <line num="87" count="5" type="stmt"/>
      <line num="89" count="3" type="stmt"/>
    </file>
  </project>
</coverage>
