{"D:\\projects\\my-packages\\null-safety\\src\\null-safety.ts": {"path":"D:\\projects\\my-packages\\null-safety\\src\\null-safety.ts","statementMap":{"0":{"start":{"line":24,"column":4},"end":{"line":24,"column":25}},"1":{"start":{"line":18,"column":4},"end":{"line":18,"column":43}},"2":{"start":{"line":40,"column":4},"end":{"line":43,"column":30}},"3":{"start":{"line":46,"column":6},"end":{"line":46,"column":25}},"4":{"start":{"line":49,"column":4},"end":{"line":49,"column":43}},"5":{"start":{"line":65,"column":4},"end":{"line":65,"column":33}},"6":{"start":{"line":68,"column":6},"end":{"line":68,"column":25}},"7":{"start":{"line":71,"column":4},"end":{"line":71,"column":43}},"8":{"start":{"line":78,"column":4},"end":{"line":78,"column":23}},"9":{"start":{"line":87,"column":6},"end":{"line":87,"column":25}},"10":{"start":{"line":89,"column":6},"end":{"line":89,"column":23}},"11":{"start":{"line":14,"column":0},"end":{"line":14,"column":13}}},"fnMap":{"0":{"name":"(anonymous_0)","decl":{"start":{"line":23,"column":2},"end":{"line":23,"column":21}},"loc":{"start":{"line":23,"column":55},"end":{"line":25,"column":3}}},"1":{"name":"(anonymous_1)","decl":{"start":{"line":15,"column":9},"end":{"line":15,"column":15}},"loc":{"start":{"line":16,"column":38},"end":{"line":19,"column":3}}},"2":{"name":"(anonymous_2)","decl":{"start":{"line":34,"column":9},"end":{"line":34,"column":13}},"loc":{"start":{"line":36,"column":23},"end":{"line":50,"column":3}}},"3":{"name":"(anonymous_3)","decl":{"start":{"line":59,"column":9},"end":{"line":59,"column":20}},"loc":{"start":{"line":61,"column":23},"end":{"line":72,"column":3}}},"4":{"name":"(anonymous_4)","decl":{"start":{"line":77,"column":9},"end":{"line":77,"column":15}},"loc":{"start":{"line":77,"column":15},"end":{"line":79,"column":3}}},"5":{"name":"(anonymous_5)","decl":{"start":{"line":85,"column":9},"end":{"line":85,"column":19}},"loc":{"start":{"line":85,"column":38},"end":{"line":91,"column":3}}}},"branchMap":{"0":{"loc":{"start":{"line":42,"column":10},"end":{"line":42,"column":21}},"type":"cond-expr","locations":[{"start":{"line":42,"column":10},"end":{"line":42,"column":21}},{"start":{"line":43,"column":10},"end":{"line":43,"column":29}}]},"1":{"loc":{"start":{"line":41,"column":6},"end":{"line":41,"column":31}},"type":"binary-expr","locations":[{"start":{"line":41,"column":6},"end":{"line":41,"column":31}},{"start":{"line":41,"column":35},"end":{"line":41,"column":55}}]},"2":{"loc":{"start":{"line":45,"column":9},"end":{"line":45,"column":29}},"type":"binary-expr","locations":[{"start":{"line":45,"column":9},"end":{"line":45,"column":29}},{"start":{"line":45,"column":33},"end":{"line":45,"column":48}},{"start":{"line":45,"column":53},"end":{"line":45,"column":76}}]},"3":{"loc":{"start":{"line":67,"column":9},"end":{"line":67,"column":29}},"type":"binary-expr","locations":[{"start":{"line":67,"column":9},"end":{"line":67,"column":29}},{"start":{"line":67,"column":33},"end":{"line":67,"column":48}},{"start":{"line":67,"column":53},"end":{"line":67,"column":76}}]},"4":{"loc":{"start":{"line":86,"column":8},"end":{"line":86,"column":28}},"type":"binary-expr","locations":[{"start":{"line":86,"column":8},"end":{"line":86,"column":28}},{"start":{"line":86,"column":32},"end":{"line":86,"column":57}}]}},"s":{"0":92,"1":54,"2":22,"3":4,"4":22,"5":16,"6":2,"7":16,"8":44,"9":5,"10":3,"11":6},"f":{"0":92,"1":54,"2":22,"3":16,"4":44,"5":8},"b":{"0":[5,17],"1":[22,20],"2":[22,18,10],"3":[16,14,4],"4":[8,6]}}
}
