TN:
SF:D:\projects\my-packages\null-safety\src\null-safety.ts
FN:23,(anonymous_0)
FN:15,(anonymous_1)
FN:34,(anonymous_2)
FN:59,(anonymous_3)
FN:77,(anonymous_4)
FN:85,(anonymous_5)
FNF:6
FNH:6
FNDA:92,(anonymous_0)
FNDA:54,(anonymous_1)
FNDA:22,(anonymous_2)
FNDA:16,(anonymous_3)
FNDA:44,(anonymous_4)
FNDA:8,(anonymous_5)
DA:14,6
DA:18,54
DA:24,92
DA:40,22
DA:46,4
DA:49,22
DA:65,16
DA:68,2
DA:71,16
DA:78,44
DA:87,5
DA:89,3
LF:12
LH:12
BRDA:42,0,0,5
BRDA:42,0,1,17
BRDA:41,1,0,22
BRDA:41,1,1,20
BRDA:45,2,0,22
BRDA:45,2,1,18
BRDA:45,2,2,10
BRDA:67,3,0,16
BRDA:67,3,1,14
BRDA:67,3,2,4
BRDA:86,4,0,8
BRDA:86,4,1,6
BRF:12
BRH:12
end_of_record
